<?xml version="1.0" encoding="UTF-8"?>
<!-- Generated by org.testng.reporters.JUnitXMLReporter -->
<testsuite hostname="madhurim-w10lt" ignored="0" name="CricketTeamValidations" tests="2" failures="0" timestamp="30 Jun 2023 19:01:26 GMT" time="0.623" errors="0">
  <testcase name="validateOnlyFourForeignPlayersAreInTeam" time="0.16" classname="com.testCases.TC01_ValidateForeignPlayers"/>
  <testcase name="validateThereIsAtleastOneWicketKeeperInTeam" time="0.024" classname="com.testCases.TC02_ValidateWicketKeeper"/>
</testsuite> <!-- CricketTeamValidations -->
