<?xml version="1.0" encoding="UTF-8"?>
<testng-results skipped="0" failed="0" ignored="0" total="2" passed="2">
  <reporter-output>
  </reporter-output>
  <suite name="TestSuite1" duration-ms="623" started-at="2023-06-30T19:01:25Z" finished-at="2023-06-30T19:01:26Z">
    <groups>
    </groups>
    <test name="CricketTeamValidations" duration-ms="623" started-at="2023-06-30T19:01:25Z" finished-at="2023-06-30T19:01:26Z">
      <class name="com.testCases.TC01_ValidateForeignPlayers">
        <test-method status="PASS" signature="init()[pri:0, instance:com.testCases.TC01_ValidateForeignPlayers@2648aa1b]" name="init" is-config="true" duration-ms="22" started-at="2023-06-30T19:01:25Z" finished-at="2023-06-30T19:01:25Z">
          <reporter-output>
          </reporter-output>
        </test-method> <!-- init -->
        <test-method status="PASS" signature="validateOnlyFourForeignPlayersAreInTeam(java.lang.String)[pri:0, instance:com.testCases.TC01_ValidateForeignPlayers@2648aa1b]" name="validateOnlyFourForeignPlayersAreInTeam" duration-ms="160" started-at="2023-06-30T19:01:25Z" finished-at="2023-06-30T19:01:25Z">
          <params>
            <param index="0">
              <value>
                <![CDATA[Cricket]]>
              </value>
            </param>
          </params>
          <reporter-output>
          </reporter-output>
        </test-method> <!-- validateOnlyFourForeignPlayersAreInTeam -->
      </class> <!-- com.testCases.TC01_ValidateForeignPlayers -->
      <class name="com.testCases.TC02_ValidateWicketKeeper">
        <test-method status="PASS" signature="init()[pri:0, instance:com.testCases.TC02_ValidateWicketKeeper@4a3333be]" name="init" is-config="true" duration-ms="0" started-at="2023-06-30T19:01:25Z" finished-at="2023-06-30T19:01:25Z">
          <reporter-output>
          </reporter-output>
        </test-method> <!-- init -->
        <test-method status="PASS" signature="validateThereIsAtleastOneWicketKeeperInTeam(java.lang.String)[pri:0, instance:com.testCases.TC02_ValidateWicketKeeper@4a3333be]" name="validateThereIsAtleastOneWicketKeeperInTeam" duration-ms="24" started-at="2023-06-30T19:01:25Z" finished-at="2023-06-30T19:01:26Z">
          <params>
            <param index="0">
              <value>
                <![CDATA[Cricket]]>
              </value>
            </param>
          </params>
          <reporter-output>
          </reporter-output>
        </test-method> <!-- validateThereIsAtleastOneWicketKeeperInTeam -->
      </class> <!-- com.testCases.TC02_ValidateWicketKeeper -->
    </test> <!-- CricketTeamValidations -->
  </suite> <!-- TestSuite1 -->
</testng-results>
